  [1m[35m (540.2ms)[0m  [1m[35mCREATE DATABASE "make_my_day_app_development" ENCODING = 'unicode'[0m
  ↳ bin/rails:9
  [1m[35m (393.0ms)[0m  [1m[35mCREATE DATABASE "make_my_day_app_test" ENCODING = 'unicode'[0m
  ↳ bin/rails:9
  [1m[35m (44.3ms)[0m  [1m[35mCREATE TABLE "schema_migrations" ("version" character varying NOT NULL PRIMARY KEY)[0m
  ↳ bin/rails:9
  [1m[35m (26.4ms)[0m  [1m[35mCREATE TABLE "ar_internal_metadata" ("key" character varying NOT NULL PRIMARY KEY, "value" character varying, "created_at" timestamp NOT NULL, "updated_at" timestamp NOT NULL)[0m
  ↳ bin/rails:9
  [1m[35m (0.7ms)[0m  [1m[34mSELECT pg_try_advisory_lock(1978103617008780240)[0m
  ↳ bin/rails:9
  [1m[35m (0.6ms)[0m  [1m[34mSELECT "schema_migrations"."version" FROM "schema_migrations" ORDER BY "schema_migrations"."version" ASC[0m
  ↳ bin/rails:9
  [1m[36mActiveRecord::InternalMetadata Load (0.7ms)[0m  [1m[34mSELECT  "ar_internal_metadata".* FROM "ar_internal_metadata" WHERE "ar_internal_metadata"."key" = $1 LIMIT $2[0m  [["key", "environment"], ["LIMIT", 1]]
  ↳ bin/rails:9
  [1m[35m (0.3ms)[0m  [1m[35mBEGIN[0m
  ↳ bin/rails:9
  [1m[36mActiveRecord::InternalMetadata Create (14.8ms)[0m  [1m[32mINSERT INTO "ar_internal_metadata" ("key", "value", "created_at", "updated_at") VALUES ($1, $2, $3, $4) RETURNING "key"[0m  [["key", "environment"], ["value", "development"], ["created_at", "2018-06-25 13:39:20.425316"], ["updated_at", "2018-06-25 13:39:20.425316"]]
  ↳ bin/rails:9
  [1m[35m (0.4ms)[0m  [1m[35mCOMMIT[0m
  ↳ bin/rails:9
  [1m[35m (0.3ms)[0m  [1m[34mSELECT pg_advisory_unlock(1978103617008780240)[0m
  ↳ bin/rails:9
  [1m[35m (0.2ms)[0m  [1m[34mSELECT "schema_migrations"."version" FROM "schema_migrations" ORDER BY "schema_migrations"."version" ASC[0m
  ↳ bin/rails:9
Started GET "/" for 127.0.0.1 at 2018-06-25 15:44:40 +0100
Processing by Rails::WelcomeController#index as HTML
  Rendering /Users/afishcalledrob/.rvm/gems/ruby-2.4.0/gems/railties-5.2.0/lib/rails/templates/rails/welcome/index.html.erb
  Rendered /Users/afishcalledrob/.rvm/gems/ruby-2.4.0/gems/railties-5.2.0/lib/rails/templates/rails/welcome/index.html.erb (9.1ms)
Completed 200 OK in 41ms (Views: 20.8ms | ActiveRecord: 0.0ms)


Started GET "/application" for 127.0.0.1 at 2018-06-25 15:45:18 +0100
  
ActionController::RoutingError (No route matches [GET] "/application"):
  
actionpack (5.2.0) lib/action_dispatch/middleware/debug_exceptions.rb:65:in `call'
web-console (3.6.2) lib/web_console/middleware.rb:135:in `call_app'
web-console (3.6.2) lib/web_console/middleware.rb:30:in `block in call'
web-console (3.6.2) lib/web_console/middleware.rb:20:in `catch'
web-console (3.6.2) lib/web_console/middleware.rb:20:in `call'
actionpack (5.2.0) lib/action_dispatch/middleware/show_exceptions.rb:33:in `call'
railties (5.2.0) lib/rails/rack/logger.rb:38:in `call_app'
railties (5.2.0) lib/rails/rack/logger.rb:26:in `block in call'
activesupport (5.2.0) lib/active_support/tagged_logging.rb:71:in `block in tagged'
activesupport (5.2.0) lib/active_support/tagged_logging.rb:28:in `tagged'
activesupport (5.2.0) lib/active_support/tagged_logging.rb:71:in `tagged'
railties (5.2.0) lib/rails/rack/logger.rb:26:in `call'
sprockets-rails (3.2.1) lib/sprockets/rails/quiet_assets.rb:13:in `call'
actionpack (5.2.0) lib/action_dispatch/middleware/remote_ip.rb:81:in `call'
actionpack (5.2.0) lib/action_dispatch/middleware/request_id.rb:27:in `call'
rack (2.0.5) lib/rack/method_override.rb:22:in `call'
rack (2.0.5) lib/rack/runtime.rb:22:in `call'
activesupport (5.2.0) lib/active_support/cache/strategy/local_cache_middleware.rb:29:in `call'
actionpack (5.2.0) lib/action_dispatch/middleware/executor.rb:14:in `call'
actionpack (5.2.0) lib/action_dispatch/middleware/static.rb:127:in `call'
rack (2.0.5) lib/rack/sendfile.rb:111:in `call'
railties (5.2.0) lib/rails/engine.rb:524:in `call'
puma (3.11.4) lib/puma/configuration.rb:225:in `call'
puma (3.11.4) lib/puma/server.rb:632:in `handle_request'
puma (3.11.4) lib/puma/server.rb:446:in `process_client'
puma (3.11.4) lib/puma/server.rb:306:in `block in run'
puma (3.11.4) lib/puma/thread_pool.rb:120:in `block in spawn_thread'
Started GET "/index" for 127.0.0.1 at 2018-06-25 15:45:25 +0100
  
ActionController::RoutingError (No route matches [GET] "/index"):
  
actionpack (5.2.0) lib/action_dispatch/middleware/debug_exceptions.rb:65:in `call'
web-console (3.6.2) lib/web_console/middleware.rb:135:in `call_app'
web-console (3.6.2) lib/web_console/middleware.rb:30:in `block in call'
web-console (3.6.2) lib/web_console/middleware.rb:20:in `catch'
web-console (3.6.2) lib/web_console/middleware.rb:20:in `call'
actionpack (5.2.0) lib/action_dispatch/middleware/show_exceptions.rb:33:in `call'
railties (5.2.0) lib/rails/rack/logger.rb:38:in `call_app'
railties (5.2.0) lib/rails/rack/logger.rb:26:in `block in call'
activesupport (5.2.0) lib/active_support/tagged_logging.rb:71:in `block in tagged'
activesupport (5.2.0) lib/active_support/tagged_logging.rb:28:in `tagged'
activesupport (5.2.0) lib/active_support/tagged_logging.rb:71:in `tagged'
railties (5.2.0) lib/rails/rack/logger.rb:26:in `call'
sprockets-rails (3.2.1) lib/sprockets/rails/quiet_assets.rb:13:in `call'
actionpack (5.2.0) lib/action_dispatch/middleware/remote_ip.rb:81:in `call'
actionpack (5.2.0) lib/action_dispatch/middleware/request_id.rb:27:in `call'
rack (2.0.5) lib/rack/method_override.rb:22:in `call'
rack (2.0.5) lib/rack/runtime.rb:22:in `call'
activesupport (5.2.0) lib/active_support/cache/strategy/local_cache_middleware.rb:29:in `call'
actionpack (5.2.0) lib/action_dispatch/middleware/executor.rb:14:in `call'
actionpack (5.2.0) lib/action_dispatch/middleware/static.rb:127:in `call'
rack (2.0.5) lib/rack/sendfile.rb:111:in `call'
railties (5.2.0) lib/rails/engine.rb:524:in `call'
puma (3.11.4) lib/puma/configuration.rb:225:in `call'
puma (3.11.4) lib/puma/server.rb:632:in `handle_request'
puma (3.11.4) lib/puma/server.rb:446:in `process_client'
puma (3.11.4) lib/puma/server.rb:306:in `block in run'
puma (3.11.4) lib/puma/thread_pool.rb:120:in `block in spawn_thread'
